Arguments: 
  C:\Program Files\nodejs\node.exe C:\Users\almos\AppData\Roaming\npm\node_modules\yarn\bin\yarn.js add @types/unique-names-generator

PATH: 
  C:\Program Files (x86)\Common Files\Oracle\Java\javapath;C:\Program Files (x86)\Intel\iCLS Client\;C:\Program Files\Intel\iCLS Client\;C:\Windows\system32;C:\Windows;C:\Windows\System32\Wbem;C:\Windows\System32\WindowsPowerShell\v1.0\;C:\Program Files (x86)\Intel\Intel(R) Management Engine Components\DAL;C:\Program Files\Intel\Intel(R) Management Engine Components\DAL;C:\Program Files (x86)\Intel\Intel(R) Management Engine Components\IPT;C:\Program Files\Intel\Intel(R) Management Engine Components\IPT;C:\Program Files (x86)\NVIDIA Corporation\PhysX\Common;C:\Program Files\Intel\WiFi\bin\;C:\Program Files\Common Files\Intel\WirelessCommon\;C:\Program Files\NVIDIA Corporation\NVIDIA NvDLISR;C:\Users\almos\AppData\Local\Microsoft\WindowsApps;C:\Users\almos\AppData\Roaming\npm;C:\WINDOWS\system32;C:\WINDOWS;C:\WINDOWS\System32\Wbem;C:\WINDOWS\System32\WindowsPowerShell\v1.0\;C:\WINDOWS\System32\OpenSSH\;C:\Program Files\Git\cmd;C:\Program Files\dotnet\;C:\Program Files\nodejs\;C:\Users\almos\AppData\Local\Microsoft\WindowsApps;C:\Users\almos\AppData\Local\Programs\Microsoft VS Code\bin;C:\Users\almos\AppData\Roaming\Dashlane\6.2004.0.32112\bin\Firefox_Extension\{442718d9-475e-452a-b3e1-fb1ee16b8e9f}\components;C:\Users\almos\AppData\Roaming\Dashlane\6.2004.0.32112\ucrt;C:\Users\almos\AppData\Local\GitHubDesktop\bin;C:\Users\almos\AppData\Roaming\npm

Yarn version: 
  1.15.2

Node version: 
  12.16.3

Platform: 
  win32 x64

Trace: 
  Error: https://registry.yarnpkg.com/@types%2funique-names-generator: Not found
      at Request.params.callback [as _callback] (C:\Users\almos\AppData\Roaming\npm\node_modules\yarn\lib\cli.js:66058:18)
      at Request.self.callback (C:\Users\almos\AppData\Roaming\npm\node_modules\yarn\lib\cli.js:129541:22)
      at Request.emit (events.js:310:20)
      at Request.<anonymous> (C:\Users\almos\AppData\Roaming\npm\node_modules\yarn\lib\cli.js:130513:10)
      at Request.emit (events.js:310:20)
      at IncomingMessage.<anonymous> (C:\Users\almos\AppData\Roaming\npm\node_modules\yarn\lib\cli.js:130435:12)
      at Object.onceWrapper (events.js:416:28)
      at IncomingMessage.emit (events.js:322:22)
      at endReadableNT (_stream_readable.js:1187:12)
      at processTicksAndRejections (internal/process/task_queues.js:84:21)

npm manifest: 
  {
    "dependencies": {
      "unique-names-generator": "^4.3.0"
    }
  }

yarn manifest: 
  No manifest

Lockfile: 
  # THIS IS AN AUTOGENERATED FILE. DO NOT EDIT THIS FILE DIRECTLY.
  # yarn lockfile v1
  
  
  unique-names-generator@^4.3.0:
    version "4.3.0"
    resolved "https://registry.yarnpkg.com/unique-names-generator/-/unique-names-generator-4.3.0.tgz#34d680c9f25dbf2552437d6ef6cf145ac99916c1"
    integrity sha512-uNX6jVFjBXfZtsc7B8jVPJ3QdfCF/Sjde4gxsy3rNQmHuWGFarnU7IFGdxZKJ4h4uRjANQc6rG7GiGolRW9fgA==
